android/app/build/outputs/mapping/release/mapping.txt
# compiler: R8
# compiler_version: 2.0.88
# min_api: 23
# pg_map_id: 75c27ea
# common_typos_disable
com.usd.MainActivity -> com.usd.MainActivity:
    java.lang.String getMainComponentName() -> N
com.usd.MainApplication -> com.usd.MainApplication:
    com.facebook.react.ReactNativeHost mReactNativeHost -> c
    com.facebook.react.ReactNativeHost getReactNativeHost() -> a
    void initializeFlipper(android.content.Context,com.facebook.react.ReactInstanceManager) -> b
com.usd.MainApplication$1 -> com.usd.MainApplication$a:
    java.lang.String getJSMainModuleName() -> e
    java.util.List getPackages() -> g
    boolean getUseDeveloperSupport() -> k
...
com.google.android.play.core.assetpacks.dm -> com.google.android.play.core.assetpacks.g2:
    com.google.android.play.core.internal.ce c -> b
    com.google.android.play.core.assetpacks.ax b -> a
    com.google.android.play.core.internal.aa a -> c
com.google.android.play.core.assetpacks.dn -> com.google.android.play.core.assetpacks.h2:
com.google.android.play.core.assetpacks.do -> com.google.android.play.core.assetpacks.i2:
com.google.android.play.core.assetpacks.dp -> com.google.android.play.core.assetpacks.j2:
com.google.android.play.core.assetpacks.dq -> com.google.android.play.core.assetpacks.k2:
com.google.android.play.core.assetpacks.dr -> com.google.android.play.core.assetpacks.l2:
com.google.android.play.core.assetpacks.ds -> com.google.android.play.core.assetpacks.m2:
    java.lang.String g -> f
    com.google.android.play.core.internal.aa a -> h
    byte[] b -> a
    long f -> e
    com.google.android.play.core.assetpacks.ax c -> b
    int h -> g
    int e -> d
    java.lang.String d -> c
    void a(int) -> b
    void a(java.io.InputStream,long) -> c
    void a(java.lang.String,long,long,int) -> d
    void a(byte[]) -> e
    void a(byte[],int) -> f
    void a(byte[],java.io.InputStream) -> g
    java.io.File b() -> h
    void b(int) -> i
    int c() -> j
    boolean d() -> k
    java.io.File e() -> l
    java.io.File f() -> m
com.google.android.play.core.assetpacks.dt -> com.google.android.play.core.assetpacks.n2:
com.google.android.play.core.assetpacks.du -> com.google.android.play.core.assetpacks.o2:
    boolean a(java.lang.String) -> b
com.google.android.play.core.assetpacks.dv -> com.google.android.play.core.assetpacks.p2:
    java.lang.String d -> f
    long b -> d
    int a -> c
    java.lang.String c -> e
com.google.android.play.core.assetpacks.dw -> com.google.android.play.core.assetpacks.q2:
    com.google.android.play.core.assetpacks.ax b -> a
    com.google.android.play.core.internal.aa a -> b
    void a(com.google.android.play.core.assetpacks.dv,java.io.File) -> b
com.google.android.play.core.assetpacks.dx -> com.google.android.play.core.assetpacks.r2:
com.google.android.play.core.assetpacks.dy -> com.google.android.play.core.assetpacks.s2:
    java.lang.String a() -> b
    long b() -> c
    int c() -> d
    boolean d() -> e
    byte[] e() -> f
com.google.android.play.core.assetpacks.e -> com.google.android.play.core.assetpacks.t2:
    void onSuccess(java.lang.Object) -> b
com.google.android.play.core.assetpacks.f -> com.google.android.play.core.assetpacks.u2:
    void onFailure(java.lang.Exception) -> a
com.google.android.play.core.assetpacks.i -> com.google.android.play.core.assetpacks.v2:
    com.google.android.play.core.assetpacks.as d -> c
    com.google.android.play.core.internal.ce c -> b
    com.google.android.play.core.assetpacks.ax b -> a
    com.google.android.play.core.internal.ce i -> d
    com.google.android.play.core.internal.aa a -> e
    void a(boolean) -> b
    void b() -> c
com.google.android.play.core.assetpacks.j -> com.google.android.play.core.assetpacks.w2:
com.google.android.play.core.assetpacks.k -> com.google.android.play.core.assetpacks.x2:
com.google.android.play.core.assetpacks.l -> com.google.android.play.core.assetpacks.y2:
    java.lang.String a(android.content.Context) -> b
com.google.android.play.core.assetpacks.m -> com.google.android.play.core.assetpacks.z2:
com.google.android.play.core.assetpacks.model.a -> com.google.android.play.core.assetpacks.a3.a:
com.google.android.play.core.assetpacks.n -> com.google.android.play.core.assetpacks.b3:
com.google.android.play.core.assetpacks.o -> com.google.android.play.core.assetpacks.c3:
com.google.android.play.core.assetpacks.p -> com.google.android.play.core.assetpacks.d3:
com.google.android.play.core.assetpacks.q -> com.google.android.play.core.assetpacks.e3:
    android.content.Context a(com.google.android.play.core.assetpacks.l) -> b
    android.content.Context b() -> c