android/app/build/outputs/mapping/release/usage.txt
com.usd.R$dimen
com.usd.R$drawable
com.usd.R$integer
com.usd.R$bool
com.usd.R$attr
com.usd.R$plurals
com.usd.R$style
com.usd.R$animator
com.usd.R$mipmap
com.usd.R
com.usd.R$id
com.usd.R$color
com.usd.R$interpolator
com.usd.BuildConfig
com.usd.R$anim
com.usd.R$raw
com.usd.R$xml
com.usd.R$menu
com.usd.R$styleable
com.usd.R$string
com.usd.R$layout
com.usd.MainApplication$1:
    final synthetic com.usd.MainApplication this$0
...
com.google.android.gms.iid.zzae:
    public final java.lang.Object get()
pl.droidsonroids.gif.GifDrawableInit
com.google.firebase.components.Lazy:
    void <init>(java.lang.Object)
    boolean isInitialized()
com.google.android.gms.internal.auth.zzau
kotlin.internal.LowPriorityInOverloadResolution
androidx.recyclerview.widget.ItemTouchHelper$5
androidx.core.net.ConnectivityManagerCompat$RestrictBackgroundStatus
androidx.multidex.ZipUtil$CentralDirectory
kotlin.time.DurationUnitKt
androidx.localbroadcastmanager.R
com.razorpay.ConfigDroid:
    void <init>()
    static final java.lang.String RZP_CDN_ENDPOINT
    static final java.lang.String MAGIC_JS
    static final java.lang.String AMAZONPAY_RZP_SIGN_ENCRYPT_ROUTE
    static final java.lang.String SECURE_PREF_KEY
    static final java.lang.String VERSION_JSON
    static final java.lang.String RZP_API_ENDPOINT
    static final java.lang.String ENCRYPTIV
    static final java.lang.String ENCRYPTKEY
    static final java.lang.String AMAZONPAY_RZP_VERIFY_ROUTE
    static final java.lang.String OTPELF_JS1
    static final java.lang.String OTPELF_JS2
com.google.android.play.core.splitinstall.al
com.google.android.material.shape.CornerFamily
kotlin.ranges.ClosedRange
androidx.recyclerview.widget.ChildHelper:
    private static final boolean DEBUG
    private static final java.lang.String TAG
com.facebook.react.uimanager.ReactRootViewTagGenerator:
    public void <init>()
    private static final int ROOT_VIEW_TAG_INCREMENT
pl.droidsonroids.gif.GifImageButton
com.google.android.material.shape.ShapePath$PathQuadOperation
androidx.lifecycle.ViewModelProvider$NewInstanceFactory
com.google.android.play.core.splitcompat.n
androidx.viewpager2.widget.ViewPager2$3
androidx.lifecycle.ViewModelProvider:
    public void <init>(androidx.lifecycle.ViewModelStoreOwner)
    public void <init>(androidx.lifecycle.ViewModelStoreOwner,androidx.lifecycle.ViewModelProvider$Factory)
    private static final java.lang.String DEFAULT_KEY
com.razorpay.Checkout$2
com.google.android.gms.common.internal.zaz
androidx.loader.app.LoaderManager:
    public static void enableDebugLogging(boolean)
    public abstract androidx.loader.content.Loader restartLoader(int,android.os.Bundle,androidx.loader.app.LoaderManager$LoaderCallbacks)
    public abstract void destroyLoader(int)
    public abstract androidx.loader.content.Loader getLoader(int)
    public boolean hasRunningLoaders()
com.facebook.yoga.YogaLogLevel:
    public int intValue()
androidx.loader.R$integer
androidx.core.graphics.TypefaceCompatApi26Impl:
    private static final java.lang.String TAG
    private static final java.lang.String FONT_FAMILY_CLASS
    private static final java.lang.String ADD_FONT_FROM_ASSET_MANAGER_METHOD
    private static final java.lang.String ADD_FONT_FROM_BUFFER_METHOD
    private static final java.lang.String CREATE_FROM_FAMILIES_WITH_DEFAULT_METHOD
    private static final java.lang.String FREEZE_METHOD
    private static final java.lang.String ABORT_CREATION_METHOD
    private static final int RESOLVE_BY_FONT_TABLE
androidx.core.view.DragStartHelper$2
com.facebook.react.common.HasJavascriptExceptionMetadata
androidx.arch.core.util.Function
kotlin.collections.CollectionsKt__IteratorsKt:
    private static final java.util.Iterator iterator(java.util.Iterator)
    public static final java.util.Iterator withIndex(java.util.Iterator)
    public static final void forEach(java.util.Iterator,kotlin.jvm.functions.Function1)
    public void <init>()
com.google.firebase.datatransport.R$color
androidx.recyclerview.widget.OrientationHelper$1:
    public void offsetChild(android.view.View,int)
com.google.android.gms.common.internal.Asserts
org.intellij.lang.annotations.JdkConstants$CursorType
androidx.annotation.RequiresPermission$Write
com.google.android.material.bottomnavigation.BottomNavigationMenu
com.reactnativecommunity.asyncstorage.R$dimen